[debug] [2019-04-23T20:23:24.118Z] ----------------------------------------------------------------------
[debug] [2019-04-23T20:23:24.120Z] Command:       /Users/ignspace/.nvm/versions/node/v8.3.0/bin/node /Users/ignspace/.nvm/versions/node/v8.3.0/bin/firebase serve
[debug] [2019-04-23T20:23:24.120Z] CLI Version:   6.7.1
[debug] [2019-04-23T20:23:24.120Z] Platform:      darwin
[debug] [2019-04-23T20:23:24.120Z] Node Version:  v8.3.0
[debug] [2019-04-23T20:23:24.121Z] Time:          Tue Apr 23 2019 22:23:24 GMT+0200 (CEST)
[debug] [2019-04-23T20:23:24.121Z] ----------------------------------------------------------------------
[debug] 
[debug] [2019-04-23T20:23:24.129Z] > command requires scopes: ["email","openid","https://www.googleapis.com/auth/cloudplatformprojects.readonly","https://www.googleapis.com/auth/firebase","https://www.googleapis.com/auth/cloud-platform"]
[debug] [2019-04-23T20:23:24.129Z] > authorizing via signed-in user
[debug] [2019-04-23T20:23:24.130Z] [iam] checking project dipassio-kyc for permissions ["firebase.projects.get"]
[debug] [2019-04-23T20:23:24.131Z] >>> HTTP REQUEST POST https://cloudresourcemanager.googleapis.com/v1/projects/dipassio-kyc:testIamPermissions  

[debug] [2019-04-23T20:23:25.169Z] <<< HTTP RESPONSE 200
[debug] [2019-04-23T20:23:25.172Z] >>> HTTP REQUEST GET https://cloudresourcemanager.googleapis.com/v1/projects/dipassio-kyc  
 
[debug] [2019-04-23T20:23:26.090Z] <<< HTTP RESPONSE 200
[info] 
[info] === Serving from '/Users/ignspace/Documents/GitHub/pink/zeppelin'...
[info] 
[info] i  functions: Preparing to emulate functions.
[debug] [2019-04-23T20:23:27.308Z] Fetching environment
[debug] [2019-04-23T20:23:27.311Z] >>> HTTP REQUEST GET https://mobilesdk-pa.googleapis.com/v1/projects/10087190157:getServerAppConfig  
 
[debug] [2019-04-23T20:23:27.311Z] >>> HTTP REQUEST GET https://mobilesdk-pa.googleapis.com/v1/projects/10087190157/clients/_:getWebAppConfig  
 
[debug] [2019-04-23T20:23:27.585Z] <<< HTTP RESPONSE 200
[debug] [2019-04-23T20:23:27.585Z] Starting @google-cloud/functions-emulator
[debug] [2019-04-23T20:23:27.672Z] <<< HTTP RESPONSE 200
[info] i  hosting: Serving hosting files from: public
[info] ✔  hosting: Local server: http://localhost:5000
[debug] [2019-04-23T20:23:29.145Z] Parsing function triggers
[info] i  functions: No HTTPS functions found. Use firebase functions:shell if you would like to emulate other types of functions.
