[debug] [2019-04-24T16:20:40.081Z] ----------------------------------------------------------------------
[debug] [2019-04-24T16:20:40.083Z] Command:       /usr/local/Cellar/node/11.12.0/bin/node /usr/local/bin/firebase serve
[debug] [2019-04-24T16:20:40.084Z] CLI Version:   6.7.1
[debug] [2019-04-24T16:20:40.084Z] Platform:      darwin
[debug] [2019-04-24T16:20:40.084Z] Node Version:  v11.12.0
[debug] [2019-04-24T16:20:40.095Z] Time:          Wed Apr 24 2019 18:20:40 GMT+0200 (hora de verano de Europa central)
[debug] [2019-04-24T16:20:40.095Z] ----------------------------------------------------------------------
[debug] 
[debug] [2019-04-24T16:20:40.109Z] > command requires scopes: ["email","openid","https://www.googleapis.com/auth/cloudplatformprojects.readonly","https://www.googleapis.com/auth/firebase","https://www.googleapis.com/auth/cloud-platform"]
[debug] [2019-04-24T16:20:40.109Z] > authorizing via signed-in user
[debug] [2019-04-24T16:20:40.110Z] [iam] checking project dipassio-kyc for permissions ["firebase.projects.get"]
[debug] [2019-04-24T16:20:40.112Z] >>> HTTP REQUEST POST https://cloudresourcemanager.googleapis.com/v1/projects/dipassio-kyc:testIamPermissions  

[debug] [2019-04-24T16:20:40.977Z] <<< HTTP RESPONSE 200
[debug] [2019-04-24T16:20:40.980Z] >>> HTTP REQUEST GET https://cloudresourcemanager.googleapis.com/v1/projects/dipassio-kyc  
 
[debug] [2019-04-24T16:20:41.878Z] <<< HTTP RESPONSE 200
[info] 
[info] === Serving from '/Users/ignspace/Documents/GitHub/pink/zeppelin'...
[info] 
[debug] [2019-04-24T16:20:41.880Z] >>> HTTP REQUEST GET https://mobilesdk-pa.googleapis.com/v1/projects/10087190157/clients/_:getWebAppConfig  
 
[debug] [2019-04-24T16:20:42.196Z] <<< HTTP RESPONSE 200
[info] i  hosting: Serving hosting files from: tortilla
[info] ✔  hosting: Local server: http://localhost:5000
